2019-02-09 12:16:15,872 [Worker-7] INFO  c.g.t.t.d.PublishedGradleVersions - Gradle version information cache is up-to-date. Trying to read.
2019-02-09 12:17:45,828 [Worker-6] INFO  o.e.m.c.i.l.LifecycleMappingFactory - Using org.eclipse.m2e.jdt.JarLifecycleMapping lifecycle mapping for MavenProject: Finastratest:Finastratest:0.0.1-SNAPSHOT @ C:\Users\shanu.shanu-PC\Desktop\latest\fintest1\pom.xml.
2019-02-09 12:17:51,336 [Worker-6] INFO  o.e.m.c.i.embedder.EclipseLogger - Using 'UTF-8' encoding to copy filtered resources.
2019-02-09 12:17:51,337 [Worker-6] INFO  o.e.m.c.i.embedder.EclipseLogger - skip non existing resourceDirectory C:\Users\shanu.shanu-PC\Desktop\latest\fintest1\src\main\resources
2019-02-09 12:17:51,347 [Worker-6] INFO  o.e.m.c.i.embedder.EclipseLogger - Using 'UTF-8' encoding to copy filtered resources.
2019-02-09 12:17:51,348 [Worker-6] INFO  o.e.m.c.i.embedder.EclipseLogger - skip non existing resourceDirectory C:\Users\shanu.shanu-PC\Desktop\latest\fintest1\src\test\resources
2019-02-09 12:17:54,751 [Worker-14] INFO  o.e.m.c.i.embedder.EclipseLogger - Using 'UTF-8' encoding to copy filtered resources.
2019-02-09 12:17:54,752 [Worker-14] INFO  o.e.m.c.i.embedder.EclipseLogger - skip non existing resourceDirectory C:\Users\shanu.shanu-PC\Desktop\latest\fintest1\src\main\resources
2019-02-09 12:17:54,758 [Worker-14] INFO  o.e.m.c.i.embedder.EclipseLogger - Using 'UTF-8' encoding to copy filtered resources.
2019-02-09 12:17:54,759 [Worker-14] INFO  o.e.m.c.i.embedder.EclipseLogger - skip non existing resourceDirectory C:\Users\shanu.shanu-PC\Desktop\latest\fintest1\src\test\resources
2019-02-09 12:18:45,344 [Worker-5] INFO  o.e.m.c.i.embedder.EclipseLogger - Using 'UTF-8' encoding to copy filtered resources.
2019-02-09 12:18:45,345 [Worker-5] INFO  o.e.m.c.i.embedder.EclipseLogger - skip non existing resourceDirectory C:\Users\shanu.shanu-PC\Desktop\latest\fintest1\src\main\resources
2019-02-09 12:18:45,357 [Worker-5] INFO  o.e.m.c.i.embedder.EclipseLogger - Using 'UTF-8' encoding to copy filtered resources.
2019-02-09 12:18:45,358 [Worker-5] INFO  o.e.m.c.i.embedder.EclipseLogger - skip non existing resourceDirectory C:\Users\shanu.shanu-PC\Desktop\latest\fintest1\src\test\resources
2019-02-09 12:18:46,508 [Worker-15] INFO  o.e.m.c.i.embedder.EclipseLogger - Using 'UTF-8' encoding to copy filtered resources.
2019-02-09 12:18:46,509 [Worker-15] INFO  o.e.m.c.i.embedder.EclipseLogger - skip non existing resourceDirectory C:\Users\shanu.shanu-PC\Desktop\latest\fintest1\src\main\resources
2019-02-09 12:18:46,516 [Worker-15] INFO  o.e.m.c.i.embedder.EclipseLogger - Using 'UTF-8' encoding to copy filtered resources.
2019-02-09 12:18:46,516 [Worker-15] INFO  o.e.m.c.i.embedder.EclipseLogger - skip non existing resourceDirectory C:\Users\shanu.shanu-PC\Desktop\latest\fintest1\src\test\resources
2019-02-09 12:18:47,918 [Worker-6] INFO  o.e.m.c.i.embedder.EclipseLogger - Using 'UTF-8' encoding to copy filtered resources.
2019-02-09 12:18:47,919 [Worker-6] INFO  o.e.m.c.i.embedder.EclipseLogger - skip non existing resourceDirectory C:\Users\shanu.shanu-PC\Desktop\latest\fintest1\src\main\resources
2019-02-09 12:18:47,925 [Worker-6] INFO  o.e.m.c.i.embedder.EclipseLogger - Using 'UTF-8' encoding to copy filtered resources.
2019-02-09 12:18:47,926 [Worker-6] INFO  o.e.m.c.i.embedder.EclipseLogger - skip non existing resourceDirectory C:\Users\shanu.shanu-PC\Desktop\latest\fintest1\src\test\resources
2019-02-09 12:19:45,046 [Worker-0] INFO  o.e.m.c.i.embedder.EclipseLogger - Using 'UTF-8' encoding to copy filtered resources.
2019-02-09 12:19:45,047 [Worker-0] INFO  o.e.m.c.i.embedder.EclipseLogger - skip non existing resourceDirectory C:\Users\shanu.shanu-PC\Desktop\latest\fintest1\src\main\resources
2019-02-09 12:19:45,052 [Worker-0] INFO  o.e.m.c.i.embedder.EclipseLogger - Using 'UTF-8' encoding to copy filtered resources.
